<?xml version="1.0" encoding="UTF-8"?>
<testng-results skipped="0" failed="0" ignored="0" total="1" passed="1">
  <reporter-output>
  </reporter-output>
  <suite name="Command line suite" duration-ms="12" started-at="2017-11-22T12:07:21Z" finished-at="2017-11-22T12:07:21Z">
    <groups>
    </groups>
    <test name="Command line test" duration-ms="12" started-at="2017-11-22T12:07:21Z" finished-at="2017-11-22T12:07:21Z">
      <class name="dk.nicklasmillard.AppTest">
        <test-method status="PASS" signature="testApp()[pri:0, instance:testApp(dk.nicklasmillard.AppTest)]" name="testApp" duration-ms="1" started-at="2017-11-22T13:07:21Z" finished-at="2017-11-22T13:07:21Z">
          <reporter-output>
          </reporter-output>
        </test-method> <!-- testApp -->
      </class> <!-- dk.nicklasmillard.AppTest -->
    </test> <!-- Command line test -->
  </suite> <!-- Command line suite -->
</testng-results>
