<?xml version="1.0" encoding="UTF-8"?>
<testng-results skipped="0" failed="0" ignored="1" total="15" passed="14">
  <reporter-output>
  </reporter-output>
  <suite name="Command line suite" duration-ms="49" started-at="2017-11-22T12:07:21Z" finished-at="2017-11-22T12:07:21Z">
    <groups>
      <group name="checkintest">
        <method signature="GroupTest.testPrintMessage()[pri:0, instance:dk.nicklasmillard.GroupTest@5d624da6]" name="testPrintMessage" class="dk.nicklasmillard.GroupTest"/>
        <method signature="GroupTest.testPrintSalutation()[pri:0, instance:dk.nicklasmillard.GroupTest@5d624da6]" name="testPrintSalutation" class="dk.nicklasmillard.GroupTest"/>
      </group> <!-- checkintest -->
      <group name="functest">
        <method signature="GroupTest.testAnotherPrintMessage()[pri:0, instance:dk.nicklasmillard.GroupTest@5d624da6]" name="testAnotherPrintMessage" class="dk.nicklasmillard.GroupTest"/>
        <method signature="GroupTest.testPrintMessage()[pri:0, instance:dk.nicklasmillard.GroupTest@5d624da6]" name="testPrintMessage" class="dk.nicklasmillard.GroupTest"/>
      </group> <!-- functest -->
    </groups>
    <test name="Command line test" duration-ms="49" started-at="2017-11-22T12:07:21Z" finished-at="2017-11-22T12:07:21Z">
      <class name="dk.nicklasmillard.Test2">
        <test-method status="PASS" signature="testSalutationMessage()[pri:0, instance:dk.nicklasmillard.Test2@3f2a3a5]" name="testSalutationMessage" duration-ms="1" started-at="2017-11-22T13:07:21Z" finished-at="2017-11-22T13:07:21Z">
          <reporter-output>
          </reporter-output>
        </test-method> <!-- testSalutationMessage -->
      </class> <!-- dk.nicklasmillard.Test2 -->
      <class name="dk.nicklasmillard.TestNGSimpleTest">
        <test-method status="PASS" signature="testAdd()[pri:0, instance:dk.nicklasmillard.TestNGSimpleTest@77b52d12]" name="testAdd" duration-ms="1" started-at="2017-11-22T13:07:21Z" finished-at="2017-11-22T13:07:21Z">
          <reporter-output>
          </reporter-output>
        </test-method> <!-- testAdd -->
      </class> <!-- dk.nicklasmillard.TestNGSimpleTest -->
      <class name="dk.nicklasmillard.Test1">
        <test-method status="PASS" signature="testPrintMessage()[pri:0, instance:dk.nicklasmillard.Test1@60addb54]" name="testPrintMessage" duration-ms="0" started-at="2017-11-22T13:07:21Z" finished-at="2017-11-22T13:07:21Z">
          <reporter-output>
          </reporter-output>
        </test-method> <!-- testPrintMessage -->
      </class> <!-- dk.nicklasmillard.Test1 -->
      <class name="dk.nicklasmillard.GroupTest">
        <test-method status="PASS" signature="testAnotherPrintMessage()[pri:0, instance:dk.nicklasmillard.GroupTest@5d624da6]" name="testAnotherPrintMessage" duration-ms="2" started-at="2017-11-22T13:07:21Z" finished-at="2017-11-22T13:07:21Z">
          <reporter-output>
          </reporter-output>
        </test-method> <!-- testAnotherPrintMessage -->
        <test-method status="PASS" signature="testPrintMessage()[pri:0, instance:dk.nicklasmillard.GroupTest@5d624da6]" name="testPrintMessage" duration-ms="1" started-at="2017-11-22T13:07:21Z" finished-at="2017-11-22T13:07:21Z">
          <reporter-output>
          </reporter-output>
        </test-method> <!-- testPrintMessage -->
        <test-method status="PASS" signature="testPrintSalutation()[pri:0, instance:dk.nicklasmillard.GroupTest@5d624da6]" name="testPrintSalutation" duration-ms="0" started-at="2017-11-22T13:07:21Z" finished-at="2017-11-22T13:07:21Z">
          <reporter-output>
          </reporter-output>
        </test-method> <!-- testPrintSalutation -->
      </class> <!-- dk.nicklasmillard.GroupTest -->
      <class name="dk.nicklasmillard.TestEmployeeDetails">
        <test-method status="PASS" signature="testCalculateAppraisal()[pri:0, instance:dk.nicklasmillard.TestEmployeeDetails@614c5515]" name="testCalculateAppraisal" duration-ms="0" started-at="2017-11-22T13:07:21Z" finished-at="2017-11-22T13:07:21Z">
          <reporter-output>
          </reporter-output>
        </test-method> <!-- testCalculateAppraisal -->
        <test-method status="PASS" signature="testCalculateYearlySalary()[pri:0, instance:dk.nicklasmillard.TestEmployeeDetails@614c5515]" name="testCalculateYearlySalary" duration-ms="0" started-at="2017-11-22T13:07:21Z" finished-at="2017-11-22T13:07:21Z">
          <reporter-output>
          </reporter-output>
        </test-method> <!-- testCalculateYearlySalary -->
      </class> <!-- dk.nicklasmillard.TestEmployeeDetails -->
      <class name="dk.nicklasmillard.TestingAnnotations">
        <test-method status="PASS" signature="beforeSuite()[pri:0, instance:dk.nicklasmillard.TestingAnnotations@2ef9b8bc]" name="beforeSuite" is-config="true" duration-ms="21" started-at="2017-11-22T13:07:21Z" finished-at="2017-11-22T13:07:21Z">
          <reporter-output>
          </reporter-output>
        </test-method> <!-- beforeSuite -->
        <test-method status="PASS" signature="beforeTest()[pri:0, instance:dk.nicklasmillard.TestingAnnotations@2ef9b8bc]" name="beforeTest" is-config="true" duration-ms="0" started-at="2017-11-22T13:07:21Z" finished-at="2017-11-22T13:07:21Z">
          <reporter-output>
          </reporter-output>
        </test-method> <!-- beforeTest -->
        <test-method status="PASS" signature="beforeClass()[pri:0, instance:dk.nicklasmillard.TestingAnnotations@2ef9b8bc]" name="beforeClass" is-config="true" duration-ms="0" started-at="2017-11-22T13:07:21Z" finished-at="2017-11-22T13:07:21Z">
          <reporter-output>
          </reporter-output>
        </test-method> <!-- beforeClass -->
        <test-method status="PASS" signature="testStep1()[pri:0, instance:dk.nicklasmillard.TestingAnnotations@2ef9b8bc]" name="testStep1" duration-ms="1" started-at="2017-11-22T13:07:21Z" finished-at="2017-11-22T13:07:21Z">
          <reporter-output>
          </reporter-output>
        </test-method> <!-- testStep1 -->
        <test-method status="PASS" signature="beforeMethod()[pri:0, instance:dk.nicklasmillard.TestingAnnotations@2ef9b8bc]" name="beforeMethod" is-config="true" duration-ms="0" started-at="2017-11-22T13:07:21Z" finished-at="2017-11-22T13:07:21Z">
          <reporter-output>
          </reporter-output>
        </test-method> <!-- beforeMethod -->
        <test-method status="PASS" signature="afterMethod()[pri:0, instance:dk.nicklasmillard.TestingAnnotations@2ef9b8bc]" name="afterMethod" is-config="true" duration-ms="1" started-at="2017-11-22T13:07:21Z" finished-at="2017-11-22T13:07:21Z">
          <reporter-output>
          </reporter-output>
        </test-method> <!-- afterMethod -->
        <test-method status="PASS" signature="beforeMethod()[pri:0, instance:dk.nicklasmillard.TestingAnnotations@2ef9b8bc]" name="beforeMethod" is-config="true" duration-ms="1" started-at="2017-11-22T13:07:21Z" finished-at="2017-11-22T13:07:21Z">
          <reporter-output>
          </reporter-output>
        </test-method> <!-- beforeMethod -->
        <test-method status="PASS" signature="testStep2()[pri:0, instance:dk.nicklasmillard.TestingAnnotations@2ef9b8bc]" name="testStep2" duration-ms="0" started-at="2017-11-22T13:07:21Z" finished-at="2017-11-22T13:07:21Z">
          <reporter-output>
          </reporter-output>
        </test-method> <!-- testStep2 -->
        <test-method status="PASS" signature="afterMethod()[pri:0, instance:dk.nicklasmillard.TestingAnnotations@2ef9b8bc]" name="afterMethod" is-config="true" duration-ms="1" started-at="2017-11-22T13:07:21Z" finished-at="2017-11-22T13:07:21Z">
          <reporter-output>
          </reporter-output>
        </test-method> <!-- afterMethod -->
        <test-method status="PASS" signature="afterClass()[pri:0, instance:dk.nicklasmillard.TestingAnnotations@2ef9b8bc]" name="afterClass" is-config="true" duration-ms="0" started-at="2017-11-22T13:07:21Z" finished-at="2017-11-22T13:07:21Z">
          <reporter-output>
          </reporter-output>
        </test-method> <!-- afterClass -->
        <test-method status="PASS" signature="afterTest()[pri:0, instance:dk.nicklasmillard.TestingAnnotations@2ef9b8bc]" name="afterTest" is-config="true" duration-ms="0" started-at="2017-11-22T13:07:21Z" finished-at="2017-11-22T13:07:21Z">
          <reporter-output>
          </reporter-output>
        </test-method> <!-- afterTest -->
        <test-method status="PASS" signature="afterSuite()[pri:0, instance:dk.nicklasmillard.TestingAnnotations@2ef9b8bc]" name="afterSuite" is-config="true" duration-ms="0" started-at="2017-11-22T13:07:21Z" finished-at="2017-11-22T13:07:21Z">
          <reporter-output>
          </reporter-output>
        </test-method> <!-- afterSuite -->
      </class> <!-- dk.nicklasmillard.TestingAnnotations -->
      <class name="dk.nicklasmillard.TestDepedencyUsingAnnotations">
        <test-method status="PASS" signature="initEnvTest()[pri:0, instance:dk.nicklasmillard.TestDepedencyUsingAnnotations@4cb2c100]" name="initEnvTest" duration-ms="1" started-at="2017-11-22T13:07:21Z" finished-at="2017-11-22T13:07:21Z">
          <reporter-output>
          </reporter-output>
        </test-method> <!-- initEnvTest -->
        <test-method status="PASS" signature="testPrintMessage()[pri:0, instance:dk.nicklasmillard.TestDepedencyUsingAnnotations@4cb2c100]" name="testPrintMessage" duration-ms="0" started-at="2017-11-22T13:07:21Z" finished-at="2017-11-22T13:07:21Z">
          <reporter-output>
          </reporter-output>
        </test-method> <!-- testPrintMessage -->
        <test-method status="PASS" signature="testSalutationMessage()[pri:0, instance:dk.nicklasmillard.TestDepedencyUsingAnnotations@4cb2c100]" name="testSalutationMessage" duration-ms="1" started-at="2017-11-22T13:07:21Z" depends-on-methods="dk.nicklasmillard.TestDepedencyUsingAnnotations.initEnvTest" finished-at="2017-11-22T13:07:21Z">
          <reporter-output>
          </reporter-output>
        </test-method> <!-- testSalutationMessage -->
      </class> <!-- dk.nicklasmillard.TestDepedencyUsingAnnotations -->
      <class name="dk.nicklasmillard.IgnoreTest">
        <test-method status="PASS" signature="testSalutationMessage()[pri:0, instance:dk.nicklasmillard.IgnoreTest@1e67b872]" name="testSalutationMessage" duration-ms="0" started-at="2017-11-22T13:07:21Z" finished-at="2017-11-22T13:07:21Z">
          <reporter-output>
          </reporter-output>
        </test-method> <!-- testSalutationMessage -->
      </class> <!-- dk.nicklasmillard.IgnoreTest -->
    </test> <!-- Command line test -->
  </suite> <!-- Command line suite -->
</testng-results>
