<?xml version="1.0" encoding="UTF-8"?>
<!-- Generated by org.testng.reporters.JUnitXMLReporter -->
<testsuite hostname="DK005171" ignored="1" name="Command line test" tests="14" failures="0" timestamp="22 nov. 2017 12:07:21 GMT" time="0.049" errors="0">
  <testcase name="testAnotherPrintMessage" time="0.002" classname="dk.nicklasmillard.GroupTest"/>
  <testcase name="testPrintMessage" time="0.001" classname="dk.nicklasmillard.GroupTest"/>
  <testcase name="testPrintSalutation" time="0.0" classname="dk.nicklasmillard.GroupTest"/>
  <testcase name="testSalutationMessage" time="0.0" classname="dk.nicklasmillard.IgnoreTest"/>
  <testcase name="testPrintMessage" time="0.0" classname="dk.nicklasmillard.Test1"/>
  <testcase name="testSalutationMessage" time="0.001" classname="dk.nicklasmillard.Test2"/>
  <testcase name="initEnvTest" time="0.001" classname="dk.nicklasmillard.TestDepedencyUsingAnnotations"/>
  <testcase name="testPrintMessage" time="0.0" classname="dk.nicklasmillard.TestDepedencyUsingAnnotations"/>
  <testcase name="testSalutationMessage" time="0.001" classname="dk.nicklasmillard.TestDepedencyUsingAnnotations"/>
  <testcase name="testCalculateAppraisal" time="0.0" classname="dk.nicklasmillard.TestEmployeeDetails"/>
  <testcase name="testCalculateYearlySalary" time="0.0" classname="dk.nicklasmillard.TestEmployeeDetails"/>
  <testcase name="testStep1" time="0.001" classname="dk.nicklasmillard.TestingAnnotations"/>
  <testcase name="testStep2" time="0.0" classname="dk.nicklasmillard.TestingAnnotations"/>
  <testcase name="testAdd" time="0.001" classname="dk.nicklasmillard.TestNGSimpleTest"/>
  <testcase name="testPrintMessage" time="0.0" classname="dk.nicklasmillard.IgnoreTest">
    <ignored/>
  </testcase> <!-- testPrintMessage -->
</testsuite> <!-- Command line test -->
