<?xml version="1.0" encoding="UTF-8" ?>
<testsuite tests="15" failures="0" name="TestSuite" time="0.328" errors="0" skipped="0">
  <properties>
[...]
</properties>
  <testcase classname="dk.nicklasmillard.GroupTest" name="testAnotherPrintMessage" time="0.004"/>
  <testcase classname="dk.nicklasmillard.GroupTest" name="testPrintMessage" time="0"/>
  <testcase classname="dk.nicklasmillard.GroupTest" name="testPrintSalutation" time="0"/>
  <testcase classname="dk.nicklasmillard.IgnoreTest" name="testSalutationMessage" time="0.001"/>
  <testcase classname="dk.nicklasmillard.Test1" name="testPrintMessage" time="0"/>
  <testcase classname="dk.nicklasmillard.Test2" name="testSalutationMessage" time="0.001"/>
  <testcase classname="dk.nicklasmillard.TestDepedencyUsingAnnotations" name="initEnvTest" time="0"/>
  <testcase classname="dk.nicklasmillard.TestDepedencyUsingAnnotations" name="testPrintMessage" time="0"/>
  <testcase classname="dk.nicklasmillard.TestDepedencyUsingAnnotations" name="testSalutationMessage" time="0"/>
  <testcase classname="dk.nicklasmillard.TestEmployeeDetails" name="testCalculateAppraisal" time="0.001"/>
  <testcase classname="dk.nicklasmillard.TestEmployeeDetails" name="testCalculateYearlySalary" time="0.001"/>
  <testcase classname="dk.nicklasmillard.TestingAnnotations" name="testStep1" time="0"/>
  <testcase classname="dk.nicklasmillard.TestingAnnotations" name="testStep2" time="0"/>
  <testcase classname="dk.nicklasmillard.TestNGSimpleTest" name="testAdd" time="0"/>
  <testcase classname="dk.nicklasmillard.AppTest" name="testApp on testApp(dk.nicklasmillard.AppTest)" time="0.32"/>
</testsuite>